C51 COMPILER V9.54   MAIN                                                                  04/22/2025 17:13:06 PAGE 1   


C51 COMPILER V9.54, COMPILATION OF MODULE MAIN
OBJECT MODULE PLACED IN .\Objects\main.obj
COMPILER INVOKED BY: D:\KEIL 5C51\C51\BIN\C51.EXE main.c OPTIMIZE(8,SPEED) BROWSE DEBUG OBJECTEXTEND PRINT(.\Listings\ma
                    -in.lst) OBJECT(.\Objects\main.obj)

line level    source

   1          #include <REGX52.H>
   2          //#include "CAR_MOVE.h"
   3          //#include "Delay.h"
   4          //#include "Timer0.h"
   5          //#include "Trace.h"
   6          //#include "Superaudible.h"
   7          
   8          sbit IN3=P1^2;          //右后电机，高电平正转
   9          sbit IN4=P1^3;          //右后电机，高电平反转
  10          
  11          void main()
  12          {
  13   1      
  14   1      //      Timer0_Init();  
  15   1      //      Car_Go(20);     
  16   1              while(1)
  17   1              {
  18   2                      IN3=1;
  19   2                      IN4=0;
  20   2      //              Superaudible(); 
  21   2      //              Trace();
  22   2                      
  23   2                      
  24   2              }
  25   1              
  26   1      
  27   1      
  28   1              
  29   1      }
  30          


MODULE INFORMATION:   STATIC OVERLAYABLE
   CODE SIZE        =      6    ----
   CONSTANT SIZE    =   ----    ----
   XDATA SIZE       =   ----    ----
   PDATA SIZE       =   ----    ----
   DATA SIZE        =   ----    ----
   IDATA SIZE       =   ----    ----
   BIT SIZE         =   ----    ----
END OF MODULE INFORMATION.


C51 COMPILATION COMPLETE.  0 WARNING(S),  0 ERROR(S)
